<?xml version="1.0" encoding="UTF-8"?>
<testng-results skipped="0" failed="0" total="1" passed="1">
  <reporter-output>
  </reporter-output>
  <suite name="Default suite" duration-ms="6123" started-at="2020-05-07T18:24:51Z" finished-at="2020-05-07T18:24:57Z">
    <groups>
    </groups>
    <test name="Default test" duration-ms="6123" started-at="2020-05-07T18:24:51Z" finished-at="2020-05-07T18:24:57Z">
      <class name="com.wipro.selenium.Ruthra_Selectable">
        <test-method status="PASS" signature="startUp()[pri:0, instance:com.wipro.selenium.Ruthra_Selectable@1209079]" name="startUp" is-config="true" duration-ms="10840" started-at="2020-05-07T23:54:40Z" finished-at="2020-05-07T23:54:51Z">
          <reporter-output>
          </reporter-output>
        </test-method> <!-- startUp -->
        <test-method status="PASS" signature="selectable()[pri:0, instance:com.wipro.selenium.Ruthra_Selectable@1209079]" name="selectable" duration-ms="6110" started-at="2020-05-07T23:54:51Z" finished-at="2020-05-07T23:54:57Z">
          <reporter-output>
          </reporter-output>
        </test-method> <!-- selectable -->
        <test-method status="PASS" signature="tearUP()[pri:0, instance:com.wipro.selenium.Ruthra_Selectable@1209079]" name="tearUP" is-config="true" duration-ms="1224" started-at="2020-05-07T23:54:57Z" finished-at="2020-05-07T23:54:59Z">
          <reporter-output>
          </reporter-output>
        </test-method> <!-- tearUP -->
      </class> <!-- com.wipro.selenium.Ruthra_Selectable -->
    </test> <!-- Default test -->
  </suite> <!-- Default suite -->
</testng-results>
